1566238793515	mozrunner::runner	INFO	Running command: "/Applications/Firefox.app/Contents/MacOS/firefox-bin" "-marionette" "-headless" "-foreground" "-no-remote" "-profile" "/var/folders/02/k657f5x16qj5wkjsvh1trky858bdhr/T/rust_mozprofile.QpKun5srHGF1"
*** You are running in headless mode.
2019-08-19 12:19:54.754 plugin-container[22419:593394] *** CFMessagePort: bootstrap_register(): failed 1100 (0x44c) 'Permission denied', port = 0x7d3f, name = 'com.apple.tsm.portname'
See /usr/include/servers/bootstrap_defs.h for the error codes.
2019-08-19 12:19:54.869 plugin-container[22419:593394] *** CFMessagePort: bootstrap_register(): failed 1100 (0x44c) 'Permission denied', port = 0x7d5f, name = 'com.apple.coredrag'
See /usr/include/servers/bootstrap_defs.h for the error codes.
1566238795145	Marionette	INFO	Listening on port 60576
1566238795186	Marionette	WARN	TLS certificate errors will be ignored for this session
2019-08-19 12:19:55.679 plugin-container[22420:593483] *** CFMessagePort: bootstrap_register(): failed 1100 (0x44c) 'Permission denied', port = 0x723f, name = 'com.apple.tsm.portname'
See /usr/include/servers/bootstrap_defs.h for the error codes.
2019-08-19 12:19:55.748 plugin-container[22420:593483] *** CFMessagePort: bootstrap_register(): failed 1100 (0x44c) 'Permission denied', port = 0x7223, name = 'com.apple.coredrag'
See /usr/include/servers/bootstrap_defs.h for the error codes.
1566238853545	mozrunner::runner	INFO	Running command: "/Applications/Firefox.app/Contents/MacOS/firefox-bin" "-marionette" "-headless" "-foreground" "-no-remote" "-profile" "/var/folders/02/k657f5x16qj5wkjsvh1trky858bdhr/T/rust_mozprofile.AFfOp1CnJIJ5"
*** You are running in headless mode.
2019-08-19 12:20:54.460 plugin-container[22460:597083] *** CFMessagePort: bootstrap_register(): failed 1100 (0x44c) 'Permission denied', port = 0x793f, name = 'com.apple.tsm.portname'
See /usr/include/servers/bootstrap_defs.h for the error codes.
2019-08-19 12:20:54.546 plugin-container[22460:597083] *** CFMessagePort: bootstrap_register(): failed 1100 (0x44c) 'Permission denied', port = 0x7923, name = 'com.apple.coredrag'
See /usr/include/servers/bootstrap_defs.h for the error codes.
1566238854783	Marionette	INFO	Listening on port 60880
1566238854886	Marionette	WARN	TLS certificate errors will be ignored for this session
2019-08-19 12:20:55.391 plugin-container[22461:597419] *** CFMessagePort: bootstrap_register(): failed 1100 (0x44c) 'Permission denied', port = 0x8c43, name = 'com.apple.tsm.portname'
See /usr/include/servers/bootstrap_defs.h for the error codes.
2019-08-19 12:20:55.460 plugin-container[22461:597419] *** CFMessagePort: bootstrap_register(): failed 1100 (0x44c) 'Permission denied', port = 0x8c1f, name = 'com.apple.coredrag'
See /usr/include/servers/bootstrap_defs.h for the error codes.
1566239100837	mozrunner::runner	INFO	Running command: "/Applications/Firefox.app/Contents/MacOS/firefox-bin" "-marionette" "-headless" "-foreground" "-no-remote" "-profile" "/var/folders/02/k657f5x16qj5wkjsvh1trky858bdhr/T/rust_mozprofile.E2HFj3WuY79R"
*** You are running in headless mode.
2019-08-19 12:25:01.711 plugin-container[22500:602809] *** CFMessagePort: bootstrap_register(): failed 1100 (0x44c) 'Permission denied', port = 0x830b, name = 'com.apple.tsm.portname'
See /usr/include/servers/bootstrap_defs.h for the error codes.
2019-08-19 12:25:01.779 plugin-container[22500:602809] *** CFMessagePort: bootstrap_register(): failed 1100 (0x44c) 'Permission denied', port = 0x83a3, name = 'com.apple.coredrag'
See /usr/include/servers/bootstrap_defs.h for the error codes.
1566239102004	Marionette	INFO	Listening on port 61949
1566239102064	Marionette	WARN	TLS certificate errors will be ignored for this session
2019-08-19 12:25:02.664 plugin-container[22501:602955] *** CFMessagePort: bootstrap_register(): failed 1100 (0x44c) 'Permission denied', port = 0x6d43, name = 'com.apple.tsm.portname'
See /usr/include/servers/bootstrap_defs.h for the error codes.
2019-08-19 12:25:02.731 plugin-container[22501:602955] *** CFMessagePort: bootstrap_register(): failed 1100 (0x44c) 'Permission denied', port = 0x6ddf, name = 'com.apple.coredrag'
See /usr/include/servers/bootstrap_defs.h for the error codes.
[GFX1-]: Receive IPC close with reason=AbnormalShutdown
1566239503622	mozrunner::runner	INFO	Running command: "/Applications/Firefox.app/Contents/MacOS/firefox-bin" "-marionette" "-headless" "-foreground" "-no-remote" "-profile" "/var/folders/02/k657f5x16qj5wkjsvh1trky858bdhr/T/rust_mozprofile.IUdkxNG6bwT6"
*** You are running in headless mode.
2019-08-19 12:31:44.508 plugin-container[22622:622817] *** CFMessagePort: bootstrap_register(): failed 1100 (0x44c) 'Permission denied', port = 0x7437, name = 'com.apple.tsm.portname'
See /usr/include/servers/bootstrap_defs.h for the error codes.
2019-08-19 12:31:44.578 plugin-container[22622:622817] *** CFMessagePort: bootstrap_register(): failed 1100 (0x44c) 'Permission denied', port = 0x7493, name = 'com.apple.coredrag'
See /usr/include/servers/bootstrap_defs.h for the error codes.
1566239504805	Marionette	INFO	Listening on port 62693
1566239504874	Marionette	WARN	TLS certificate errors will be ignored for this session
2019-08-19 12:31:45.453 plugin-container[22623:622976] *** CFMessagePort: bootstrap_register(): failed 1100 (0x44c) 'Permission denied', port = 0x863b, name = 'com.apple.tsm.portname'
See /usr/include/servers/bootstrap_defs.h for the error codes.
2019-08-19 12:31:45.521 plugin-container[22623:622976] *** CFMessagePort: bootstrap_register(): failed 1100 (0x44c) 'Permission denied', port = 0x86d3, name = 'com.apple.coredrag'
See /usr/include/servers/bootstrap_defs.h for the error codes.
1566239585185	mozrunner::runner	INFO	Running command: "/Applications/Firefox.app/Contents/MacOS/firefox-bin" "-marionette" "-headless" "-foreground" "-no-remote" "-profile" "/var/folders/02/k657f5x16qj5wkjsvh1trky858bdhr/T/rust_mozprofile.76k9Eh3iVtfE"
*** You are running in headless mode.
2019-08-19 12:33:06.071 plugin-container[22681:627292] *** CFMessagePort: bootstrap_register(): failed 1100 (0x44c) 'Permission denied', port = 0x793b, name = 'com.apple.tsm.portname'
See /usr/include/servers/bootstrap_defs.h for the error codes.
2019-08-19 12:33:06.139 plugin-container[22681:627292] *** CFMessagePort: bootstrap_register(): failed 1100 (0x44c) 'Permission denied', port = 0x7997, name = 'com.apple.coredrag'
See /usr/include/servers/bootstrap_defs.h for the error codes.
1566239586362	Marionette	INFO	Listening on port 62762
1566239586431	Marionette	WARN	TLS certificate errors will be ignored for this session
2019-08-19 12:33:07.016 plugin-container[22682:627442] *** CFMessagePort: bootstrap_register(): failed 1100 (0x44c) 'Permission denied', port = 0x7c43, name = 'com.apple.tsm.portname'
See /usr/include/servers/bootstrap_defs.h for the error codes.
2019-08-19 12:33:07.085 plugin-container[22682:627442] *** CFMessagePort: bootstrap_register(): failed 1100 (0x44c) 'Permission denied', port = 0x7c23, name = 'com.apple.coredrag'
See /usr/include/servers/bootstrap_defs.h for the error codes.
[GFX1-]: Receive IPC close with reason=AbnormalShutdown
1566239593905	mozrunner::runner	INFO	Running command: "/Applications/Firefox.app/Contents/MacOS/firefox-bin" "-marionette" "-headless" "-foreground" "-no-remote" "-profile" "/var/folders/02/k657f5x16qj5wkjsvh1trky858bdhr/T/rust_mozprofile.SXhwOGAJNvW9"
*** You are running in headless mode.
2019-08-19 12:33:14.774 plugin-container[22690:628641] *** CFMessagePort: bootstrap_register(): failed 1100 (0x44c) 'Permission denied', port = 0x8137, name = 'com.apple.tsm.portname'
See /usr/include/servers/bootstrap_defs.h for the error codes.
2019-08-19 12:33:14.843 plugin-container[22690:628641] *** CFMessagePort: bootstrap_register(): failed 1100 (0x44c) 'Permission denied', port = 0x8117, name = 'com.apple.coredrag'
See /usr/include/servers/bootstrap_defs.h for the error codes.
1566239595085	Marionette	INFO	Listening on port 62800
1566239595157	Marionette	WARN	TLS certificate errors will be ignored for this session
2019-08-19 12:33:15.717 plugin-container[22691:628817] *** CFMessagePort: bootstrap_register(): failed 1100 (0x44c) 'Permission denied', port = 0x8d43, name = 'com.apple.tsm.portname'
See /usr/include/servers/bootstrap_defs.h for the error codes.
2019-08-19 12:33:15.784 plugin-container[22691:628817] *** CFMessagePort: bootstrap_register(): failed 1100 (0x44c) 'Permission denied', port = 0x7c27, name = 'com.apple.coredrag'
See /usr/include/servers/bootstrap_defs.h for the error codes.
[GFX1-]: Receive IPC close with reason=AbnormalShutdown
1566239610242	mozrunner::runner	INFO	Running command: "/Applications/Firefox.app/Contents/MacOS/firefox-bin" "-marionette" "-headless" "-foreground" "-no-remote" "-profile" "/var/folders/02/k657f5x16qj5wkjsvh1trky858bdhr/T/rust_mozprofile.D9cBEVHklJFD"
*** You are running in headless mode.
2019-08-19 12:33:31.131 plugin-container[22704:630459] *** CFMessagePort: bootstrap_register(): failed 1100 (0x44c) 'Permission denied', port = 0x8533, name = 'com.apple.tsm.portname'
See /usr/include/servers/bootstrap_defs.h for the error codes.
2019-08-19 12:33:31.199 plugin-container[22704:630459] *** CFMessagePort: bootstrap_register(): failed 1100 (0x44c) 'Permission denied', port = 0x85af, name = 'com.apple.coredrag'
See /usr/include/servers/bootstrap_defs.h for the error codes.
1566239611425	Marionette	INFO	Listening on port 62840
1566239611497	Marionette	WARN	TLS certificate errors will be ignored for this session
2019-08-19 12:33:32.113 plugin-container[22705:630628] *** CFMessagePort: bootstrap_register(): failed 1100 (0x44c) 'Permission denied', port = 0x7443, name = 'com.apple.tsm.portname'
See /usr/include/servers/bootstrap_defs.h for the error codes.
2019-08-19 12:33:32.181 plugin-container[22705:630628] *** CFMessagePort: bootstrap_register(): failed 1100 (0x44c) 'Permission denied', port = 0x745f, name = 'com.apple.coredrag'
See /usr/include/servers/bootstrap_defs.h for the error codes.
[GFX1-]: Receive IPC close with reason=AbnormalShutdown
[Child 22705, Chrome_ChildThread] WARNING: pipe error: Broken pipe: file /builds/worker/workspace/build/src/ipc/chromium/src/chrome/common/ipc_channel_posix.cc, line 709
1566240408853	mozrunner::runner	INFO	Running command: "/Applications/Firefox.app/Contents/MacOS/firefox-bin" "-marionette" "-headless" "-foreground" "-no-remote" "-profile" "/var/folders/02/k657f5x16qj5wkjsvh1trky858bdhr/T/rust_mozprofile.hLZhJjH199ju"
*** You are running in headless mode.
2019-08-19 12:46:49.769 plugin-container[23062:670578] *** CFMessagePort: bootstrap_register(): failed 1100 (0x44c) 'Permission denied', port = 0x853f, name = 'com.apple.tsm.portname'
See /usr/include/servers/bootstrap_defs.h for the error codes.
2019-08-19 12:46:49.881 plugin-container[23062:670578] *** CFMessagePort: bootstrap_register(): failed 1100 (0x44c) 'Permission denied', port = 0x855b, name = 'com.apple.coredrag'
See /usr/include/servers/bootstrap_defs.h for the error codes.
1566240410081	Marionette	INFO	Listening on port 63202
1566240410097	Marionette	WARN	TLS certificate errors will be ignored for this session
2019-08-19 12:46:50.711 plugin-container[23063:670738] *** CFMessagePort: bootstrap_register(): failed 1100 (0x44c) 'Permission denied', port = 0x8943, name = 'com.apple.tsm.portname'
See /usr/include/servers/bootstrap_defs.h for the error codes.
2019-08-19 12:46:50.780 plugin-container[23063:670738] *** CFMessagePort: bootstrap_register(): failed 1100 (0x44c) 'Permission denied', port = 0x89bf, name = 'com.apple.coredrag'
See /usr/include/servers/bootstrap_defs.h for the error codes.
[GFX1-]: Receive IPC close with reason=AbnormalShutdown
1566240443186	mozrunner::runner	INFO	Running command: "/Applications/Firefox.app/Contents/MacOS/firefox-bin" "-marionette" "-headless" "-foreground" "-no-remote" "-profile" "/var/folders/02/k657f5x16qj5wkjsvh1trky858bdhr/T/rust_mozprofile.dj9sklREuvND"
*** You are running in headless mode.
2019-08-19 12:47:24.075 plugin-container[23084:673363] *** CFMessagePort: bootstrap_register(): failed 1100 (0x44c) 'Permission denied', port = 0x8703, name = 'com.apple.tsm.portname'
See /usr/include/servers/bootstrap_defs.h for the error codes.
2019-08-19 12:47:24.145 plugin-container[23084:673363] *** CFMessagePort: bootstrap_register(): failed 1100 (0x44c) 'Permission denied', port = 0x879b, name = 'com.apple.coredrag'
See /usr/include/servers/bootstrap_defs.h for the error codes.
1566240444372	Marionette	INFO	Listening on port 63255
1566240444436	Marionette	WARN	TLS certificate errors will be ignored for this session
2019-08-19 12:47:25.020 plugin-container[23085:673537] *** CFMessagePort: bootstrap_register(): failed 1100 (0x44c) 'Permission denied', port = 0x863f, name = 'com.apple.tsm.portname'
See /usr/include/servers/bootstrap_defs.h for the error codes.
2019-08-19 12:47:25.088 plugin-container[23085:673537] *** CFMessagePort: bootstrap_register(): failed 1100 (0x44c) 'Permission denied', port = 0x861b, name = 'com.apple.coredrag'
See /usr/include/servers/bootstrap_defs.h for the error codes.
[GFX1-]: Receive IPC close with reason=AbnormalShutdown
[GFX1-]: Receive IPC close with reason=AbnormalShutdown
